Started GET "/" for ::1 at 2017-01-30 20:19:32 -0500
Processing by Rails::WelcomeController#index as HTML
  Parameters: {"internal"=>true}
  Rendering /Users/ntenser/.rbenv/versions/2.3.3/lib/ruby/gems/2.3.0/gems/railties-5.0.0/lib/rails/templates/rails/welcome/index.html.erb
  Rendered /Users/ntenser/.rbenv/versions/2.3.3/lib/ruby/gems/2.3.0/gems/railties-5.0.0/lib/rails/templates/rails/welcome/index.html.erb (5.4ms)
Completed 200 OK in 19ms (Views: 13.9ms | ActiveRecord: 0.0ms)


Started GET "/welcome" for ::1 at 2017-01-30 20:22:02 -0500
  
ActionController::RoutingError (No route matches [GET] "/welcome"):
  
actionpack (5.0.0) lib/action_dispatch/middleware/debug_exceptions.rb:53:in `call'
web-console (2.3.0) lib/web_console/middleware.rb:28:in `block in call'
web-console (2.3.0) lib/web_console/middleware.rb:18:in `catch'
web-console (2.3.0) lib/web_console/middleware.rb:18:in `call'
actionpack (5.0.0) lib/action_dispatch/middleware/show_exceptions.rb:31:in `call'
railties (5.0.0) lib/rails/rack/logger.rb:36:in `call_app'
railties (5.0.0) lib/rails/rack/logger.rb:24:in `block in call'
activesupport (5.0.0) lib/active_support/tagged_logging.rb:70:in `block in tagged'
activesupport (5.0.0) lib/active_support/tagged_logging.rb:26:in `tagged'
activesupport (5.0.0) lib/active_support/tagged_logging.rb:70:in `tagged'
railties (5.0.0) lib/rails/rack/logger.rb:24:in `call'
sprockets-rails (3.1.1) lib/sprockets/rails/quiet_assets.rb:13:in `call'
actionpack (5.0.0) lib/action_dispatch/middleware/request_id.rb:24:in `call'
rack (2.0.1) lib/rack/method_override.rb:22:in `call'
rack (2.0.1) lib/rack/runtime.rb:22:in `call'
activesupport (5.0.0) lib/active_support/cache/strategy/local_cache_middleware.rb:28:in `call'
actionpack (5.0.0) lib/action_dispatch/middleware/executor.rb:12:in `call'
actionpack (5.0.0) lib/action_dispatch/middleware/static.rb:136:in `call'
rack (2.0.1) lib/rack/sendfile.rb:111:in `call'
railties (5.0.0) lib/rails/engine.rb:522:in `call'
rack (2.0.1) lib/rack/handler/webrick.rb:86:in `service'
/Users/ntenser/.rbenv/versions/2.3.3/lib/ruby/2.3.0/webrick/httpserver.rb:140:in `service'
/Users/ntenser/.rbenv/versions/2.3.3/lib/ruby/2.3.0/webrick/httpserver.rb:96:in `run'
/Users/ntenser/.rbenv/versions/2.3.3/lib/ruby/2.3.0/webrick/server.rb:296:in `block in start_thread'
  Rendering /Users/ntenser/.rbenv/versions/2.3.3/lib/ruby/gems/2.3.0/gems/actionpack-5.0.0/lib/action_dispatch/middleware/templates/rescues/routing_error.html.erb within rescues/layout
  Rendering /Users/ntenser/.rbenv/versions/2.3.3/lib/ruby/gems/2.3.0/gems/actionpack-5.0.0/lib/action_dispatch/middleware/templates/rescues/_trace.html.erb
  Rendered /Users/ntenser/.rbenv/versions/2.3.3/lib/ruby/gems/2.3.0/gems/actionpack-5.0.0/lib/action_dispatch/middleware/templates/rescues/_trace.html.erb (1.6ms)
  Rendered /Users/ntenser/.rbenv/versions/2.3.3/lib/ruby/gems/2.3.0/gems/actionpack-5.0.0/lib/action_dispatch/middleware/templates/routes/_table.html.erb (10.9ms)
  Rendering /Users/ntenser/.rbenv/versions/2.3.3/lib/ruby/gems/2.3.0/gems/actionpack-5.0.0/lib/action_dispatch/middleware/templates/rescues/_request_and_response.html.erb
  Rendered /Users/ntenser/.rbenv/versions/2.3.3/lib/ruby/gems/2.3.0/gems/actionpack-5.0.0/lib/action_dispatch/middleware/templates/rescues/_request_and_response.html.erb (13.9ms)
  Rendered /Users/ntenser/.rbenv/versions/2.3.3/lib/ruby/gems/2.3.0/gems/actionpack-5.0.0/lib/action_dispatch/middleware/templates/rescues/routing_error.html.erb within rescues/layout (163.1ms)
DEPRECATION WARNING: Accessing mime types via constants is deprecated. Please change `Mime::HTML` to `Mime[:html]`. (called from const_missing at /Users/ntenser/.rbenv/versions/2.3.3/lib/ruby/gems/2.3.0/gems/actionpack-5.0.0/lib/action_dispatch/http/mime_type.rb:52)
  Rendering /Users/ntenser/.rbenv/versions/2.3.3/lib/ruby/gems/2.3.0/gems/web-console-2.3.0/lib/web_console/templates/index.html.erb
  Rendered /Users/ntenser/.rbenv/versions/2.3.3/lib/ruby/gems/2.3.0/gems/web-console-2.3.0/lib/web_console/templates/_markup.html.erb (0.6ms)
  Rendering /Users/ntenser/.rbenv/versions/2.3.3/lib/ruby/gems/2.3.0/gems/web-console-2.3.0/lib/web_console/templates/console.js.erb within layouts/javascript
  Rendering /Users/ntenser/.rbenv/versions/2.3.3/lib/ruby/gems/2.3.0/gems/web-console-2.3.0/lib/web_console/templates/_inner_console_markup.html.erb within layouts/inlined_string
  Rendered /Users/ntenser/.rbenv/versions/2.3.3/lib/ruby/gems/2.3.0/gems/web-console-2.3.0/lib/web_console/templates/_inner_console_markup.html.erb within layouts/inlined_string (0.4ms)
  Rendering /Users/ntenser/.rbenv/versions/2.3.3/lib/ruby/gems/2.3.0/gems/web-console-2.3.0/lib/web_console/templates/_prompt_box_markup.html.erb within layouts/inlined_string
  Rendered /Users/ntenser/.rbenv/versions/2.3.3/lib/ruby/gems/2.3.0/gems/web-console-2.3.0/lib/web_console/templates/_prompt_box_markup.html.erb within layouts/inlined_string (0.5ms)
Started GET "/welcome" for ::1 at 2017-01-30 20:22:02 -0500
  Rendering /Users/ntenser/.rbenv/versions/2.3.3/lib/ruby/gems/2.3.0/gems/web-console-2.3.0/lib/web_console/templates/style.css.erb within layouts/inlined_string
  
  Rendered /Users/ntenser/.rbenv/versions/2.3.3/lib/ruby/gems/2.3.0/gems/web-console-2.3.0/lib/web_console/templates/style.css.erb within layouts/inlined_string (0.4ms)
ActionController::RoutingError (No route matches [GET] "/welcome"):
  
actionpack (5.0.0) lib/action_dispatch/middleware/debug_exceptions.rb:53:in `call'
web-console (2.3.0) lib/web_console/middleware.rb:28:in `block in call'
web-console (2.3.0) lib/web_console/middleware.rb:18:in `catch'
web-console (2.3.0) lib/web_console/middleware.rb:18:in `call'
actionpack (5.0.0) lib/action_dispatch/middleware/show_exceptions.rb:31:in `call'
railties (5.0.0) lib/rails/rack/logger.rb:36:in `call_app'
railties (5.0.0) lib/rails/rack/logger.rb:24:in `block in call'
activesupport (5.0.0) lib/active_support/tagged_logging.rb:70:in `block in tagged'
activesupport (5.0.0) lib/active_support/tagged_logging.rb:26:in `tagged'
activesupport (5.0.0) lib/active_support/tagged_logging.rb:70:in `tagged'
railties (5.0.0) lib/rails/rack/logger.rb:24:in `call'
sprockets-rails (3.1.1) lib/sprockets/rails/quiet_assets.rb:13:in `call'
actionpack (5.0.0) lib/action_dispatch/middleware/request_id.rb:24:in `call'
rack (2.0.1) lib/rack/method_override.rb:22:in `call'
rack (2.0.1) lib/rack/runtime.rb:22:in `call'
activesupport (5.0.0) lib/active_support/cache/strategy/local_cache_middleware.rb:28:in `call'
actionpack (5.0.0) lib/action_dispatch/middleware/executor.rb:12:in `call'
actionpack (5.0.0) lib/action_dispatch/middleware/static.rb:136:in `call'
rack (2.0.1) lib/rack/sendfile.rb:111:in `call'
railties (5.0.0) lib/rails/engine.rb:522:in `call'
rack (2.0.1) lib/rack/handler/webrick.rb:86:in `service'
/Users/ntenser/.rbenv/versions/2.3.3/lib/ruby/2.3.0/webrick/httpserver.rb:140:in `service'
/Users/ntenser/.rbenv/versions/2.3.3/lib/ruby/2.3.0/webrick/httpserver.rb:96:in `run'
/Users/ntenser/.rbenv/versions/2.3.3/lib/ruby/2.3.0/webrick/server.rb:296:in `block in start_thread'
DEPRECATION WARNING: Accessing mime types via constants is deprecated. Please change `Mime::WEB_CONSOLE_V2` to `Mime[:web_console_v2]`. (called from const_missing at /Users/ntenser/.rbenv/versions/2.3.3/lib/ruby/gems/2.3.0/gems/actionpack-5.0.0/lib/action_dispatch/http/mime_type.rb:52)
  Rendered /Users/ntenser/.rbenv/versions/2.3.3/lib/ruby/gems/2.3.0/gems/web-console-2.3.0/lib/web_console/templates/console.js.erb within layouts/javascript (153.2ms)
  Rendering /Users/ntenser/.rbenv/versions/2.3.3/lib/ruby/gems/2.3.0/gems/web-console-2.3.0/lib/web_console/templates/main.js.erb within layouts/javascript
  Rendered /Users/ntenser/.rbenv/versions/2.3.3/lib/ruby/gems/2.3.0/gems/web-console-2.3.0/lib/web_console/templates/main.js.erb within layouts/javascript (0.4ms)
  Rendering /Users/ntenser/.rbenv/versions/2.3.3/lib/ruby/gems/2.3.0/gems/web-console-2.3.0/lib/web_console/templates/error_page.js.erb within layouts/javascript
  Rendered /Users/ntenser/.rbenv/versions/2.3.3/lib/ruby/gems/2.3.0/gems/web-console-2.3.0/lib/web_console/templates/error_page.js.erb within layouts/javascript (0.5ms)
  Rendered /Users/ntenser/.rbenv/versions/2.3.3/lib/ruby/gems/2.3.0/gems/web-console-2.3.0/lib/web_console/templates/index.html.erb (310.8ms)
  Rendering /Users/ntenser/.rbenv/versions/2.3.3/lib/ruby/gems/2.3.0/gems/actionpack-5.0.0/lib/action_dispatch/middleware/templates/rescues/routing_error.html.erb within rescues/layout
  Rendering /Users/ntenser/.rbenv/versions/2.3.3/lib/ruby/gems/2.3.0/gems/actionpack-5.0.0/lib/action_dispatch/middleware/templates/rescues/_trace.html.erb
  Rendered /Users/ntenser/.rbenv/versions/2.3.3/lib/ruby/gems/2.3.0/gems/actionpack-5.0.0/lib/action_dispatch/middleware/templates/rescues/_trace.html.erb (2.1ms)
  Rendered /Users/ntenser/.rbenv/versions/2.3.3/lib/ruby/gems/2.3.0/gems/actionpack-5.0.0/lib/action_dispatch/middleware/templates/routes/_table.html.erb (1.4ms)
  Rendering /Users/ntenser/.rbenv/versions/2.3.3/lib/ruby/gems/2.3.0/gems/actionpack-5.0.0/lib/action_dispatch/middleware/templates/rescues/_request_and_response.html.erb
  Rendered /Users/ntenser/.rbenv/versions/2.3.3/lib/ruby/gems/2.3.0/gems/actionpack-5.0.0/lib/action_dispatch/middleware/templates/rescues/_request_and_response.html.erb (1.5ms)
  Rendered /Users/ntenser/.rbenv/versions/2.3.3/lib/ruby/gems/2.3.0/gems/actionpack-5.0.0/lib/action_dispatch/middleware/templates/rescues/routing_error.html.erb within rescues/layout (129.4ms)
DEPRECATION WARNING: Accessing mime types via constants is deprecated. Please change `Mime::HTML` to `Mime[:html]`. (called from const_missing at /Users/ntenser/.rbenv/versions/2.3.3/lib/ruby/gems/2.3.0/gems/actionpack-5.0.0/lib/action_dispatch/http/mime_type.rb:52)
  Rendering /Users/ntenser/.rbenv/versions/2.3.3/lib/ruby/gems/2.3.0/gems/web-console-2.3.0/lib/web_console/templates/index.html.erb
  Rendered /Users/ntenser/.rbenv/versions/2.3.3/lib/ruby/gems/2.3.0/gems/web-console-2.3.0/lib/web_console/templates/_markup.html.erb (0.5ms)
  Rendering /Users/ntenser/.rbenv/versions/2.3.3/lib/ruby/gems/2.3.0/gems/web-console-2.3.0/lib/web_console/templates/console.js.erb within layouts/javascript
  Rendering /Users/ntenser/.rbenv/versions/2.3.3/lib/ruby/gems/2.3.0/gems/web-console-2.3.0/lib/web_console/templates/_inner_console_markup.html.erb within layouts/inlined_string
  Rendered /Users/ntenser/.rbenv/versions/2.3.3/lib/ruby/gems/2.3.0/gems/web-console-2.3.0/lib/web_console/templates/_inner_console_markup.html.erb within layouts/inlined_string (0.6ms)
  Rendering /Users/ntenser/.rbenv/versions/2.3.3/lib/ruby/gems/2.3.0/gems/web-console-2.3.0/lib/web_console/templates/_prompt_box_markup.html.erb within layouts/inlined_string
  Rendered /Users/ntenser/.rbenv/versions/2.3.3/lib/ruby/gems/2.3.0/gems/web-console-2.3.0/lib/web_console/templates/_prompt_box_markup.html.erb within layouts/inlined_string (0.4ms)
  Rendering /Users/ntenser/.rbenv/versions/2.3.3/lib/ruby/gems/2.3.0/gems/web-console-2.3.0/lib/web_console/templates/style.css.erb within layouts/inlined_string
  Rendered /Users/ntenser/.rbenv/versions/2.3.3/lib/ruby/gems/2.3.0/gems/web-console-2.3.0/lib/web_console/templates/style.css.erb within layouts/inlined_string (0.5ms)
DEPRECATION WARNING: Accessing mime types via constants is deprecated. Please change `Mime::WEB_CONSOLE_V2` to `Mime[:web_console_v2]`. (called from const_missing at /Users/ntenser/.rbenv/versions/2.3.3/lib/ruby/gems/2.3.0/gems/actionpack-5.0.0/lib/action_dispatch/http/mime_type.rb:52)
  Rendered /Users/ntenser/.rbenv/versions/2.3.3/lib/ruby/gems/2.3.0/gems/web-console-2.3.0/lib/web_console/templates/console.js.erb within layouts/javascript (123.0ms)
  Rendering /Users/ntenser/.rbenv/versions/2.3.3/lib/ruby/gems/2.3.0/gems/web-console-2.3.0/lib/web_console/templates/main.js.erb within layouts/javascript
  Rendered /Users/ntenser/.rbenv/versions/2.3.3/lib/ruby/gems/2.3.0/gems/web-console-2.3.0/lib/web_console/templates/main.js.erb within layouts/javascript (0.4ms)
  Rendering /Users/ntenser/.rbenv/versions/2.3.3/lib/ruby/gems/2.3.0/gems/web-console-2.3.0/lib/web_console/templates/error_page.js.erb within layouts/javascript
  Rendered /Users/ntenser/.rbenv/versions/2.3.3/lib/ruby/gems/2.3.0/gems/web-console-2.3.0/lib/web_console/templates/error_page.js.erb within layouts/javascript (0.8ms)
  Rendered /Users/ntenser/.rbenv/versions/2.3.3/lib/ruby/gems/2.3.0/gems/web-console-2.3.0/lib/web_console/templates/index.html.erb (275.1ms)
Started GET "/welcome" for ::1 at 2017-01-30 20:22:10 -0500
  
ActionController::RoutingError (No route matches [GET] "/welcome"):
  
actionpack (5.0.0) lib/action_dispatch/middleware/debug_exceptions.rb:53:in `call'
web-console (2.3.0) lib/web_console/middleware.rb:28:in `block in call'
web-console (2.3.0) lib/web_console/middleware.rb:18:in `catch'
web-console (2.3.0) lib/web_console/middleware.rb:18:in `call'
actionpack (5.0.0) lib/action_dispatch/middleware/show_exceptions.rb:31:in `call'
railties (5.0.0) lib/rails/rack/logger.rb:36:in `call_app'
railties (5.0.0) lib/rails/rack/logger.rb:24:in `block in call'
activesupport (5.0.0) lib/active_support/tagged_logging.rb:70:in `block in tagged'
activesupport (5.0.0) lib/active_support/tagged_logging.rb:26:in `tagged'
activesupport (5.0.0) lib/active_support/tagged_logging.rb:70:in `tagged'
railties (5.0.0) lib/rails/rack/logger.rb:24:in `call'
sprockets-rails (3.1.1) lib/sprockets/rails/quiet_assets.rb:13:in `call'
actionpack (5.0.0) lib/action_dispatch/middleware/request_id.rb:24:in `call'
rack (2.0.1) lib/rack/method_override.rb:22:in `call'
rack (2.0.1) lib/rack/runtime.rb:22:in `call'
activesupport (5.0.0) lib/active_support/cache/strategy/local_cache_middleware.rb:28:in `call'
actionpack (5.0.0) lib/action_dispatch/middleware/executor.rb:12:in `call'
actionpack (5.0.0) lib/action_dispatch/middleware/static.rb:136:in `call'
rack (2.0.1) lib/rack/sendfile.rb:111:in `call'
railties (5.0.0) lib/rails/engine.rb:522:in `call'
rack (2.0.1) lib/rack/handler/webrick.rb:86:in `service'
/Users/ntenser/.rbenv/versions/2.3.3/lib/ruby/2.3.0/webrick/httpserver.rb:140:in `service'
/Users/ntenser/.rbenv/versions/2.3.3/lib/ruby/2.3.0/webrick/httpserver.rb:96:in `run'
/Users/ntenser/.rbenv/versions/2.3.3/lib/ruby/2.3.0/webrick/server.rb:296:in `block in start_thread'
  Rendering /Users/ntenser/.rbenv/versions/2.3.3/lib/ruby/gems/2.3.0/gems/actionpack-5.0.0/lib/action_dispatch/middleware/templates/rescues/routing_error.html.erb within rescues/layout
  Rendering /Users/ntenser/.rbenv/versions/2.3.3/lib/ruby/gems/2.3.0/gems/actionpack-5.0.0/lib/action_dispatch/middleware/templates/rescues/_trace.html.erb
  Rendered /Users/ntenser/.rbenv/versions/2.3.3/lib/ruby/gems/2.3.0/gems/actionpack-5.0.0/lib/action_dispatch/middleware/templates/rescues/_trace.html.erb (1.6ms)
  Rendered /Users/ntenser/.rbenv/versions/2.3.3/lib/ruby/gems/2.3.0/gems/actionpack-5.0.0/lib/action_dispatch/middleware/templates/routes/_table.html.erb (1.3ms)
  Rendering /Users/ntenser/.rbenv/versions/2.3.3/lib/ruby/gems/2.3.0/gems/actionpack-5.0.0/lib/action_dispatch/middleware/templates/rescues/_request_and_response.html.erb
  Rendered /Users/ntenser/.rbenv/versions/2.3.3/lib/ruby/gems/2.3.0/gems/actionpack-5.0.0/lib/action_dispatch/middleware/templates/rescues/_request_and_response.html.erb (1.6ms)
  Rendered /Users/ntenser/.rbenv/versions/2.3.3/lib/ruby/gems/2.3.0/gems/actionpack-5.0.0/lib/action_dispatch/middleware/templates/rescues/routing_error.html.erb within rescues/layout (129.3ms)
DEPRECATION WARNING: Accessing mime types via constants is deprecated. Please change `Mime::HTML` to `Mime[:html]`. (called from const_missing at /Users/ntenser/.rbenv/versions/2.3.3/lib/ruby/gems/2.3.0/gems/actionpack-5.0.0/lib/action_dispatch/http/mime_type.rb:52)
  Rendering /Users/ntenser/.rbenv/versions/2.3.3/lib/ruby/gems/2.3.0/gems/web-console-2.3.0/lib/web_console/templates/index.html.erb
  Rendered /Users/ntenser/.rbenv/versions/2.3.3/lib/ruby/gems/2.3.0/gems/web-console-2.3.0/lib/web_console/templates/_markup.html.erb (0.5ms)
  Rendering /Users/ntenser/.rbenv/versions/2.3.3/lib/ruby/gems/2.3.0/gems/web-console-2.3.0/lib/web_console/templates/console.js.erb within layouts/javascript
  Rendering /Users/ntenser/.rbenv/versions/2.3.3/lib/ruby/gems/2.3.0/gems/web-console-2.3.0/lib/web_console/templates/_inner_console_markup.html.erb within layouts/inlined_string
  Rendered /Users/ntenser/.rbenv/versions/2.3.3/lib/ruby/gems/2.3.0/gems/web-console-2.3.0/lib/web_console/templates/_inner_console_markup.html.erb within layouts/inlined_string (0.4ms)
  Rendering /Users/ntenser/.rbenv/versions/2.3.3/lib/ruby/gems/2.3.0/gems/web-console-2.3.0/lib/web_console/templates/_prompt_box_markup.html.erb within layouts/inlined_string
  Rendered /Users/ntenser/.rbenv/versions/2.3.3/lib/ruby/gems/2.3.0/gems/web-console-2.3.0/lib/web_console/templates/_prompt_box_markup.html.erb within layouts/inlined_string (0.6ms)
  Rendering /Users/ntenser/.rbenv/versions/2.3.3/lib/ruby/gems/2.3.0/gems/web-console-2.3.0/lib/web_console/templates/style.css.erb within layouts/inlined_string
  Rendered /Users/ntenser/.rbenv/versions/2.3.3/lib/ruby/gems/2.3.0/gems/web-console-2.3.0/lib/web_console/templates/style.css.erb within layouts/inlined_string (0.6ms)
DEPRECATION WARNING: Accessing mime types via constants is deprecated. Please change `Mime::WEB_CONSOLE_V2` to `Mime[:web_console_v2]`. (called from const_missing at /Users/ntenser/.rbenv/versions/2.3.3/lib/ruby/gems/2.3.0/gems/actionpack-5.0.0/lib/action_dispatch/http/mime_type.rb:52)
  Rendered /Users/ntenser/.rbenv/versions/2.3.3/lib/ruby/gems/2.3.0/gems/web-console-2.3.0/lib/web_console/templates/console.js.erb within layouts/javascript (110.4ms)
  Rendering /Users/ntenser/.rbenv/versions/2.3.3/lib/ruby/gems/2.3.0/gems/web-console-2.3.0/lib/web_console/templates/main.js.erb within layouts/javascript
  Rendered /Users/ntenser/.rbenv/versions/2.3.3/lib/ruby/gems/2.3.0/gems/web-console-2.3.0/lib/web_console/templates/main.js.erb within layouts/javascript (0.4ms)
  Rendering /Users/ntenser/.rbenv/versions/2.3.3/lib/ruby/gems/2.3.0/gems/web-console-2.3.0/lib/web_console/templates/error_page.js.erb within layouts/javascript
  Rendered /Users/ntenser/.rbenv/versions/2.3.3/lib/ruby/gems/2.3.0/gems/web-console-2.3.0/lib/web_console/templates/error_page.js.erb within layouts/javascript (0.6ms)
  Rendered /Users/ntenser/.rbenv/versions/2.3.3/lib/ruby/gems/2.3.0/gems/web-console-2.3.0/lib/web_console/templates/index.html.erb (261.0ms)
Started GET "/welcome" for ::1 at 2017-01-30 20:22:31 -0500
Processing by PagesController#welcome as HTML
  Rendering pages/welcome.html.erb within layouts/application
  Rendered pages/welcome.html.erb within layouts/application (0.4ms)
Completed 200 OK in 658ms (Views: 655.6ms | ActiveRecord: 0.0ms)


Started GET "/welcome" for ::1 at 2017-01-30 20:23:15 -0500
Processing by PagesController#welcome as HTML
  Rendering pages/about.html.erb within layouts/application
  Rendered pages/about.html.erb within layouts/application (0.7ms)
Completed 200 OK in 27ms (Views: 26.7ms | ActiveRecord: 0.0ms)


Started GET "/" for ::1 at 2017-01-30 20:24:24 -0500
Processing by PagesController#welcome as HTML
  Rendering pages/about.html.erb within layouts/application
  Rendered pages/about.html.erb within layouts/application (0.3ms)
Completed 200 OK in 22ms (Views: 21.4ms | ActiveRecord: 0.0ms)


Started GET "/" for ::1 at 2017-01-30 20:24:32 -0500
Processing by PagesController#welcome as HTML
  Rendering pages/about.html.erb within layouts/application
  Rendered pages/about.html.erb within layouts/application (0.3ms)
Completed 200 OK in 24ms (Views: 23.4ms | ActiveRecord: 0.0ms)


Started GET "/" for ::1 at 2017-01-30 20:24:53 -0500
Processing by PagesController#welcome as HTML
  Rendering pages/welcome.html.erb within layouts/application
  Rendered pages/welcome.html.erb within layouts/application (0.4ms)
Completed 200 OK in 20ms (Views: 17.0ms | ActiveRecord: 0.0ms)


Started GET "/" for ::1 at 2017-01-30 20:28:25 -0500
Processing by PagesController#welcome as HTML
  Rendering pages/welcome.html.erb within layouts/application
  Rendered pages/welcome.html.erb within layouts/application (0.4ms)
Completed 200 OK in 36ms (Views: 33.9ms | ActiveRecord: 0.0ms)


Started GET "/kitten" for ::1 at 2017-01-30 20:32:00 -0500
  
ActionController::RoutingError (No route matches [GET] "/kitten"):
  
actionpack (5.0.0) lib/action_dispatch/middleware/debug_exceptions.rb:53:in `call'
web-console (2.3.0) lib/web_console/middleware.rb:28:in `block in call'
web-console (2.3.0) lib/web_console/middleware.rb:18:in `catch'
web-console (2.3.0) lib/web_console/middleware.rb:18:in `call'
actionpack (5.0.0) lib/action_dispatch/middleware/show_exceptions.rb:31:in `call'
railties (5.0.0) lib/rails/rack/logger.rb:36:in `call_app'
railties (5.0.0) lib/rails/rack/logger.rb:24:in `block in call'
activesupport (5.0.0) lib/active_support/tagged_logging.rb:70:in `block in tagged'
activesupport (5.0.0) lib/active_support/tagged_logging.rb:26:in `tagged'
activesupport (5.0.0) lib/active_support/tagged_logging.rb:70:in `tagged'
railties (5.0.0) lib/rails/rack/logger.rb:24:in `call'
sprockets-rails (3.1.1) lib/sprockets/rails/quiet_assets.rb:13:in `call'
actionpack (5.0.0) lib/action_dispatch/middleware/request_id.rb:24:in `call'
rack (2.0.1) lib/rack/method_override.rb:22:in `call'
rack (2.0.1) lib/rack/runtime.rb:22:in `call'
activesupport (5.0.0) lib/active_support/cache/strategy/local_cache_middleware.rb:28:in `call'
actionpack (5.0.0) lib/action_dispatch/middleware/executor.rb:12:in `call'
actionpack (5.0.0) lib/action_dispatch/middleware/static.rb:136:in `call'
rack (2.0.1) lib/rack/sendfile.rb:111:in `call'
railties (5.0.0) lib/rails/engine.rb:522:in `call'
rack (2.0.1) lib/rack/handler/webrick.rb:86:in `service'
/Users/ntenser/.rbenv/versions/2.3.3/lib/ruby/2.3.0/webrick/httpserver.rb:140:in `service'
/Users/ntenser/.rbenv/versions/2.3.3/lib/ruby/2.3.0/webrick/httpserver.rb:96:in `run'
/Users/ntenser/.rbenv/versions/2.3.3/lib/ruby/2.3.0/webrick/server.rb:296:in `block in start_thread'
  Rendering /Users/ntenser/.rbenv/versions/2.3.3/lib/ruby/gems/2.3.0/gems/actionpack-5.0.0/lib/action_dispatch/middleware/templates/rescues/routing_error.html.erb within rescues/layout
  Rendering /Users/ntenser/.rbenv/versions/2.3.3/lib/ruby/gems/2.3.0/gems/actionpack-5.0.0/lib/action_dispatch/middleware/templates/rescues/_trace.html.erb
  Rendered /Users/ntenser/.rbenv/versions/2.3.3/lib/ruby/gems/2.3.0/gems/actionpack-5.0.0/lib/action_dispatch/middleware/templates/rescues/_trace.html.erb (1.9ms)
  Rendered collection of /Users/ntenser/.rbenv/versions/2.3.3/lib/ruby/gems/2.3.0/gems/actionpack-5.0.0/lib/action_dispatch/middleware/templates/routes/_route.html.erb [5 times] (16.8ms)
  Rendered /Users/ntenser/.rbenv/versions/2.3.3/lib/ruby/gems/2.3.0/gems/actionpack-5.0.0/lib/action_dispatch/middleware/templates/routes/_table.html.erb (2.1ms)
  Rendering /Users/ntenser/.rbenv/versions/2.3.3/lib/ruby/gems/2.3.0/gems/actionpack-5.0.0/lib/action_dispatch/middleware/templates/rescues/_request_and_response.html.erb
  Rendered /Users/ntenser/.rbenv/versions/2.3.3/lib/ruby/gems/2.3.0/gems/actionpack-5.0.0/lib/action_dispatch/middleware/templates/rescues/_request_and_response.html.erb (1.3ms)
  Rendered /Users/ntenser/.rbenv/versions/2.3.3/lib/ruby/gems/2.3.0/gems/actionpack-5.0.0/lib/action_dispatch/middleware/templates/rescues/routing_error.html.erb within rescues/layout (193.8ms)
DEPRECATION WARNING: Accessing mime types via constants is deprecated. Please change `Mime::HTML` to `Mime[:html]`. (called from const_missing at /Users/ntenser/.rbenv/versions/2.3.3/lib/ruby/gems/2.3.0/gems/actionpack-5.0.0/lib/action_dispatch/http/mime_type.rb:52)
  Rendering /Users/ntenser/.rbenv/versions/2.3.3/lib/ruby/gems/2.3.0/gems/web-console-2.3.0/lib/web_console/templates/index.html.erb
  Rendered /Users/ntenser/.rbenv/versions/2.3.3/lib/ruby/gems/2.3.0/gems/web-console-2.3.0/lib/web_console/templates/_markup.html.erb (0.8ms)
  Rendering /Users/ntenser/.rbenv/versions/2.3.3/lib/ruby/gems/2.3.0/gems/web-console-2.3.0/lib/web_console/templates/console.js.erb within layouts/javascript
  Rendering /Users/ntenser/.rbenv/versions/2.3.3/lib/ruby/gems/2.3.0/gems/web-console-2.3.0/lib/web_console/templates/_inner_console_markup.html.erb within layouts/inlined_string
  Rendered /Users/ntenser/.rbenv/versions/2.3.3/lib/ruby/gems/2.3.0/gems/web-console-2.3.0/lib/web_console/templates/_inner_console_markup.html.erb within layouts/inlined_string (0.5ms)
  Rendering /Users/ntenser/.rbenv/versions/2.3.3/lib/ruby/gems/2.3.0/gems/web-console-2.3.0/lib/web_console/templates/_prompt_box_markup.html.erb within layouts/inlined_string
  Rendered /Users/ntenser/.rbenv/versions/2.3.3/lib/ruby/gems/2.3.0/gems/web-console-2.3.0/lib/web_console/templates/_prompt_box_markup.html.erb within layouts/inlined_string (0.7ms)
  Rendering /Users/ntenser/.rbenv/versions/2.3.3/lib/ruby/gems/2.3.0/gems/web-console-2.3.0/lib/web_console/templates/style.css.erb within layouts/inlined_string
  Rendered /Users/ntenser/.rbenv/versions/2.3.3/lib/ruby/gems/2.3.0/gems/web-console-2.3.0/lib/web_console/templates/style.css.erb within layouts/inlined_string (0.6ms)
DEPRECATION WARNING: Accessing mime types via constants is deprecated. Please change `Mime::WEB_CONSOLE_V2` to `Mime[:web_console_v2]`. (called from const_missing at /Users/ntenser/.rbenv/versions/2.3.3/lib/ruby/gems/2.3.0/gems/actionpack-5.0.0/lib/action_dispatch/http/mime_type.rb:52)
  Rendered /Users/ntenser/.rbenv/versions/2.3.3/lib/ruby/gems/2.3.0/gems/web-console-2.3.0/lib/web_console/templates/console.js.erb within layouts/javascript (119.7ms)
  Rendering /Users/ntenser/.rbenv/versions/2.3.3/lib/ruby/gems/2.3.0/gems/web-console-2.3.0/lib/web_console/templates/main.js.erb within layouts/javascript
  Rendered /Users/ntenser/.rbenv/versions/2.3.3/lib/ruby/gems/2.3.0/gems/web-console-2.3.0/lib/web_console/templates/main.js.erb within layouts/javascript (0.5ms)
  Rendering /Users/ntenser/.rbenv/versions/2.3.3/lib/ruby/gems/2.3.0/gems/web-console-2.3.0/lib/web_console/templates/error_page.js.erb within layouts/javascript
  Rendered /Users/ntenser/.rbenv/versions/2.3.3/lib/ruby/gems/2.3.0/gems/web-console-2.3.0/lib/web_console/templates/error_page.js.erb within layouts/javascript (1.2ms)
  Rendered /Users/ntenser/.rbenv/versions/2.3.3/lib/ruby/gems/2.3.0/gems/web-console-2.3.0/lib/web_console/templates/index.html.erb (269.1ms)
Started GET "/kitten" for ::1 at 2017-01-30 20:32:13 -0500
  
ActionController::RoutingError (No route matches [GET] "/kitten"):
  
actionpack (5.0.0) lib/action_dispatch/middleware/debug_exceptions.rb:53:in `call'
web-console (2.3.0) lib/web_console/middleware.rb:28:in `block in call'
web-console (2.3.0) lib/web_console/middleware.rb:18:in `catch'
web-console (2.3.0) lib/web_console/middleware.rb:18:in `call'
actionpack (5.0.0) lib/action_dispatch/middleware/show_exceptions.rb:31:in `call'
railties (5.0.0) lib/rails/rack/logger.rb:36:in `call_app'
railties (5.0.0) lib/rails/rack/logger.rb:24:in `block in call'
activesupport (5.0.0) lib/active_support/tagged_logging.rb:70:in `block in tagged'
activesupport (5.0.0) lib/active_support/tagged_logging.rb:26:in `tagged'
activesupport (5.0.0) lib/active_support/tagged_logging.rb:70:in `tagged'
railties (5.0.0) lib/rails/rack/logger.rb:24:in `call'
sprockets-rails (3.1.1) lib/sprockets/rails/quiet_assets.rb:13:in `call'
actionpack (5.0.0) lib/action_dispatch/middleware/request_id.rb:24:in `call'
rack (2.0.1) lib/rack/method_override.rb:22:in `call'
rack (2.0.1) lib/rack/runtime.rb:22:in `call'
activesupport (5.0.0) lib/active_support/cache/strategy/local_cache_middleware.rb:28:in `call'
actionpack (5.0.0) lib/action_dispatch/middleware/executor.rb:12:in `call'
actionpack (5.0.0) lib/action_dispatch/middleware/static.rb:136:in `call'
rack (2.0.1) lib/rack/sendfile.rb:111:in `call'
railties (5.0.0) lib/rails/engine.rb:522:in `call'
rack (2.0.1) lib/rack/handler/webrick.rb:86:in `service'
/Users/ntenser/.rbenv/versions/2.3.3/lib/ruby/2.3.0/webrick/httpserver.rb:140:in `service'
/Users/ntenser/.rbenv/versions/2.3.3/lib/ruby/2.3.0/webrick/httpserver.rb:96:in `run'
/Users/ntenser/.rbenv/versions/2.3.3/lib/ruby/2.3.0/webrick/server.rb:296:in `block in start_thread'
  Rendering /Users/ntenser/.rbenv/versions/2.3.3/lib/ruby/gems/2.3.0/gems/actionpack-5.0.0/lib/action_dispatch/middleware/templates/rescues/routing_error.html.erb within rescues/layout
  Rendering /Users/ntenser/.rbenv/versions/2.3.3/lib/ruby/gems/2.3.0/gems/actionpack-5.0.0/lib/action_dispatch/middleware/templates/rescues/_trace.html.erb
  Rendered /Users/ntenser/.rbenv/versions/2.3.3/lib/ruby/gems/2.3.0/gems/actionpack-5.0.0/lib/action_dispatch/middleware/templates/rescues/_trace.html.erb (1.7ms)
  Rendered collection of /Users/ntenser/.rbenv/versions/2.3.3/lib/ruby/gems/2.3.0/gems/actionpack-5.0.0/lib/action_dispatch/middleware/templates/routes/_route.html.erb [5 times] (2.1ms)
  Rendered /Users/ntenser/.rbenv/versions/2.3.3/lib/ruby/gems/2.3.0/gems/actionpack-5.0.0/lib/action_dispatch/middleware/templates/routes/_table.html.erb (1.6ms)
  Rendering /Users/ntenser/.rbenv/versions/2.3.3/lib/ruby/gems/2.3.0/gems/actionpack-5.0.0/lib/action_dispatch/middleware/templates/rescues/_request_and_response.html.erb
  Rendered /Users/ntenser/.rbenv/versions/2.3.3/lib/ruby/gems/2.3.0/gems/actionpack-5.0.0/lib/action_dispatch/middleware/templates/rescues/_request_and_response.html.erb (1.7ms)
  Rendered /Users/ntenser/.rbenv/versions/2.3.3/lib/ruby/gems/2.3.0/gems/actionpack-5.0.0/lib/action_dispatch/middleware/templates/rescues/routing_error.html.erb within rescues/layout (189.4ms)
DEPRECATION WARNING: Accessing mime types via constants is deprecated. Please change `Mime::HTML` to `Mime[:html]`. (called from const_missing at /Users/ntenser/.rbenv/versions/2.3.3/lib/ruby/gems/2.3.0/gems/actionpack-5.0.0/lib/action_dispatch/http/mime_type.rb:52)
  Rendering /Users/ntenser/.rbenv/versions/2.3.3/lib/ruby/gems/2.3.0/gems/web-console-2.3.0/lib/web_console/templates/index.html.erb
  Rendered /Users/ntenser/.rbenv/versions/2.3.3/lib/ruby/gems/2.3.0/gems/web-console-2.3.0/lib/web_console/templates/_markup.html.erb (0.6ms)
  Rendering /Users/ntenser/.rbenv/versions/2.3.3/lib/ruby/gems/2.3.0/gems/web-console-2.3.0/lib/web_console/templates/console.js.erb within layouts/javascript
  Rendering /Users/ntenser/.rbenv/versions/2.3.3/lib/ruby/gems/2.3.0/gems/web-console-2.3.0/lib/web_console/templates/_inner_console_markup.html.erb within layouts/inlined_string
  Rendered /Users/ntenser/.rbenv/versions/2.3.3/lib/ruby/gems/2.3.0/gems/web-console-2.3.0/lib/web_console/templates/_inner_console_markup.html.erb within layouts/inlined_string (0.7ms)
  Rendering /Users/ntenser/.rbenv/versions/2.3.3/lib/ruby/gems/2.3.0/gems/web-console-2.3.0/lib/web_console/templates/_prompt_box_markup.html.erb within layouts/inlined_string
  Rendered /Users/ntenser/.rbenv/versions/2.3.3/lib/ruby/gems/2.3.0/gems/web-console-2.3.0/lib/web_console/templates/_prompt_box_markup.html.erb within layouts/inlined_string (0.4ms)
  Rendering /Users/ntenser/.rbenv/versions/2.3.3/lib/ruby/gems/2.3.0/gems/web-console-2.3.0/lib/web_console/templates/style.css.erb within layouts/inlined_string
  Rendered /Users/ntenser/.rbenv/versions/2.3.3/lib/ruby/gems/2.3.0/gems/web-console-2.3.0/lib/web_console/templates/style.css.erb within layouts/inlined_string (0.5ms)
DEPRECATION WARNING: Accessing mime types via constants is deprecated. Please change `Mime::WEB_CONSOLE_V2` to `Mime[:web_console_v2]`. (called from const_missing at /Users/ntenser/.rbenv/versions/2.3.3/lib/ruby/gems/2.3.0/gems/actionpack-5.0.0/lib/action_dispatch/http/mime_type.rb:52)
  Rendered /Users/ntenser/.rbenv/versions/2.3.3/lib/ruby/gems/2.3.0/gems/web-console-2.3.0/lib/web_console/templates/console.js.erb within layouts/javascript (119.1ms)
  Rendering /Users/ntenser/.rbenv/versions/2.3.3/lib/ruby/gems/2.3.0/gems/web-console-2.3.0/lib/web_console/templates/main.js.erb within layouts/javascript
  Rendered /Users/ntenser/.rbenv/versions/2.3.3/lib/ruby/gems/2.3.0/gems/web-console-2.3.0/lib/web_console/templates/main.js.erb within layouts/javascript (0.4ms)
  Rendering /Users/ntenser/.rbenv/versions/2.3.3/lib/ruby/gems/2.3.0/gems/web-console-2.3.0/lib/web_console/templates/error_page.js.erb within layouts/javascript
  Rendered /Users/ntenser/.rbenv/versions/2.3.3/lib/ruby/gems/2.3.0/gems/web-console-2.3.0/lib/web_console/templates/error_page.js.erb within layouts/javascript (0.7ms)
  Rendered /Users/ntenser/.rbenv/versions/2.3.3/lib/ruby/gems/2.3.0/gems/web-console-2.3.0/lib/web_console/templates/index.html.erb (271.6ms)
Started GET "/kitten/400/400" for ::1 at 2017-01-30 20:32:18 -0500
  
ActionController::RoutingError (No route matches [GET] "/kitten/400/400"):
  
actionpack (5.0.0) lib/action_dispatch/middleware/debug_exceptions.rb:53:in `call'
web-console (2.3.0) lib/web_console/middleware.rb:28:in `block in call'
web-console (2.3.0) lib/web_console/middleware.rb:18:in `catch'
web-console (2.3.0) lib/web_console/middleware.rb:18:in `call'
actionpack (5.0.0) lib/action_dispatch/middleware/show_exceptions.rb:31:in `call'
railties (5.0.0) lib/rails/rack/logger.rb:36:in `call_app'
railties (5.0.0) lib/rails/rack/logger.rb:24:in `block in call'
activesupport (5.0.0) lib/active_support/tagged_logging.rb:70:in `block in tagged'
activesupport (5.0.0) lib/active_support/tagged_logging.rb:26:in `tagged'
activesupport (5.0.0) lib/active_support/tagged_logging.rb:70:in `tagged'
railties (5.0.0) lib/rails/rack/logger.rb:24:in `call'
sprockets-rails (3.1.1) lib/sprockets/rails/quiet_assets.rb:13:in `call'
actionpack (5.0.0) lib/action_dispatch/middleware/request_id.rb:24:in `call'
rack (2.0.1) lib/rack/method_override.rb:22:in `call'
rack (2.0.1) lib/rack/runtime.rb:22:in `call'
activesupport (5.0.0) lib/active_support/cache/strategy/local_cache_middleware.rb:28:in `call'
actionpack (5.0.0) lib/action_dispatch/middleware/executor.rb:12:in `call'
actionpack (5.0.0) lib/action_dispatch/middleware/static.rb:136:in `call'
rack (2.0.1) lib/rack/sendfile.rb:111:in `call'
railties (5.0.0) lib/rails/engine.rb:522:in `call'
rack (2.0.1) lib/rack/handler/webrick.rb:86:in `service'
/Users/ntenser/.rbenv/versions/2.3.3/lib/ruby/2.3.0/webrick/httpserver.rb:140:in `service'
/Users/ntenser/.rbenv/versions/2.3.3/lib/ruby/2.3.0/webrick/httpserver.rb:96:in `run'
/Users/ntenser/.rbenv/versions/2.3.3/lib/ruby/2.3.0/webrick/server.rb:296:in `block in start_thread'
  Rendering /Users/ntenser/.rbenv/versions/2.3.3/lib/ruby/gems/2.3.0/gems/actionpack-5.0.0/lib/action_dispatch/middleware/templates/rescues/routing_error.html.erb within rescues/layout
  Rendering /Users/ntenser/.rbenv/versions/2.3.3/lib/ruby/gems/2.3.0/gems/actionpack-5.0.0/lib/action_dispatch/middleware/templates/rescues/_trace.html.erb
  Rendered /Users/ntenser/.rbenv/versions/2.3.3/lib/ruby/gems/2.3.0/gems/actionpack-5.0.0/lib/action_dispatch/middleware/templates/rescues/_trace.html.erb (2.2ms)
  Rendered collection of /Users/ntenser/.rbenv/versions/2.3.3/lib/ruby/gems/2.3.0/gems/actionpack-5.0.0/lib/action_dispatch/middleware/templates/routes/_route.html.erb [5 times] (2.4ms)
  Rendered /Users/ntenser/.rbenv/versions/2.3.3/lib/ruby/gems/2.3.0/gems/actionpack-5.0.0/lib/action_dispatch/middleware/templates/routes/_table.html.erb (1.3ms)
  Rendering /Users/ntenser/.rbenv/versions/2.3.3/lib/ruby/gems/2.3.0/gems/actionpack-5.0.0/lib/action_dispatch/middleware/templates/rescues/_request_and_response.html.erb
  Rendered /Users/ntenser/.rbenv/versions/2.3.3/lib/ruby/gems/2.3.0/gems/actionpack-5.0.0/lib/action_dispatch/middleware/templates/rescues/_request_and_response.html.erb (2.5ms)
  Rendered /Users/ntenser/.rbenv/versions/2.3.3/lib/ruby/gems/2.3.0/gems/actionpack-5.0.0/lib/action_dispatch/middleware/templates/rescues/routing_error.html.erb within rescues/layout (164.8ms)
DEPRECATION WARNING: Accessing mime types via constants is deprecated. Please change `Mime::HTML` to `Mime[:html]`. (called from const_missing at /Users/ntenser/.rbenv/versions/2.3.3/lib/ruby/gems/2.3.0/gems/actionpack-5.0.0/lib/action_dispatch/http/mime_type.rb:52)
  Rendering /Users/ntenser/.rbenv/versions/2.3.3/lib/ruby/gems/2.3.0/gems/web-console-2.3.0/lib/web_console/templates/index.html.erb
  Rendered /Users/ntenser/.rbenv/versions/2.3.3/lib/ruby/gems/2.3.0/gems/web-console-2.3.0/lib/web_console/templates/_markup.html.erb (0.7ms)
  Rendering /Users/ntenser/.rbenv/versions/2.3.3/lib/ruby/gems/2.3.0/gems/web-console-2.3.0/lib/web_console/templates/console.js.erb within layouts/javascript
  Rendering /Users/ntenser/.rbenv/versions/2.3.3/lib/ruby/gems/2.3.0/gems/web-console-2.3.0/lib/web_console/templates/_inner_console_markup.html.erb within layouts/inlined_string
  Rendered /Users/ntenser/.rbenv/versions/2.3.3/lib/ruby/gems/2.3.0/gems/web-console-2.3.0/lib/web_console/templates/_inner_console_markup.html.erb within layouts/inlined_string (0.5ms)
  Rendering /Users/ntenser/.rbenv/versions/2.3.3/lib/ruby/gems/2.3.0/gems/web-console-2.3.0/lib/web_console/templates/_prompt_box_markup.html.erb within layouts/inlined_string
  Rendered /Users/ntenser/.rbenv/versions/2.3.3/lib/ruby/gems/2.3.0/gems/web-console-2.3.0/lib/web_console/templates/_prompt_box_markup.html.erb within layouts/inlined_string (0.5ms)
  Rendering /Users/ntenser/.rbenv/versions/2.3.3/lib/ruby/gems/2.3.0/gems/web-console-2.3.0/lib/web_console/templates/style.css.erb within layouts/inlined_string
  Rendered /Users/ntenser/.rbenv/versions/2.3.3/lib/ruby/gems/2.3.0/gems/web-console-2.3.0/lib/web_console/templates/style.css.erb within layouts/inlined_string (0.4ms)
DEPRECATION WARNING: Accessing mime types via constants is deprecated. Please change `Mime::WEB_CONSOLE_V2` to `Mime[:web_console_v2]`. (called from const_missing at /Users/ntenser/.rbenv/versions/2.3.3/lib/ruby/gems/2.3.0/gems/actionpack-5.0.0/lib/action_dispatch/http/mime_type.rb:52)
  Rendered /Users/ntenser/.rbenv/versions/2.3.3/lib/ruby/gems/2.3.0/gems/web-console-2.3.0/lib/web_console/templates/console.js.erb within layouts/javascript (115.3ms)
  Rendering /Users/ntenser/.rbenv/versions/2.3.3/lib/ruby/gems/2.3.0/gems/web-console-2.3.0/lib/web_console/templates/main.js.erb within layouts/javascript
  Rendered /Users/ntenser/.rbenv/versions/2.3.3/lib/ruby/gems/2.3.0/gems/web-console-2.3.0/lib/web_console/templates/main.js.erb within layouts/javascript (0.5ms)
  Rendering /Users/ntenser/.rbenv/versions/2.3.3/lib/ruby/gems/2.3.0/gems/web-console-2.3.0/lib/web_console/templates/error_page.js.erb within layouts/javascript
  Rendered /Users/ntenser/.rbenv/versions/2.3.3/lib/ruby/gems/2.3.0/gems/web-console-2.3.0/lib/web_console/templates/error_page.js.erb within layouts/javascript (0.7ms)
  Rendered /Users/ntenser/.rbenv/versions/2.3.3/lib/ruby/gems/2.3.0/gems/web-console-2.3.0/lib/web_console/templates/index.html.erb (256.3ms)
Started GET "/kitten/100" for ::1 at 2017-01-30 20:32:32 -0500
Processing by PagesController#kitten as HTML
  Parameters: {"size"=>"100"}
  Rendering pages/kitten.html.erb within layouts/application
  Rendered pages/kitten.html.erb within layouts/application (0.6ms)
Completed 200 OK in 28ms (Views: 26.2ms | ActiveRecord: 0.0ms)


Started GET "/contest" for ::1 at 2017-01-30 20:36:31 -0500
Processing by PagesController#contest as HTML
Redirected to http://localhost:3000/welcome
Completed 302 Found in 5ms (ActiveRecord: 0.0ms)


Started GET "/welcome" for ::1 at 2017-01-30 20:36:31 -0500
Processing by PagesController#welcome as HTML
  Rendering pages/welcome.html.erb within layouts/application
  Rendered pages/welcome.html.erb within layouts/application (2.7ms)
Completed 200 OK in 349ms (Views: 346.0ms | ActiveRecord: 0.0ms)


Started GET "/contest" for ::1 at 2017-01-30 20:36:36 -0500
Processing by PagesController#contest as HTML
Redirected to http://localhost:3000/welcome
Completed 302 Found in 0ms (ActiveRecord: 0.0ms)


Started GET "/welcome" for ::1 at 2017-01-30 20:36:36 -0500
Processing by PagesController#welcome as HTML
  Rendering pages/welcome.html.erb within layouts/application
  Rendered pages/welcome.html.erb within layouts/application (0.4ms)
Completed 200 OK in 19ms (Views: 16.9ms | ActiveRecord: 0.0ms)


Started GET "/contest" for ::1 at 2017-01-30 20:39:29 -0500
Processing by PagesController#contest as HTML
Redirected to http://localhost:3000/welcome
Completed 302 Found in 1ms (ActiveRecord: 0.0ms)


Started GET "/welcome" for ::1 at 2017-01-30 20:39:29 -0500
Processing by PagesController#welcome as HTML
  Rendering pages/welcome.html.erb within layouts/application
  Rendered pages/welcome.html.erb within layouts/application (0.4ms)
Completed 200 OK in 26ms (Views: 23.8ms | ActiveRecord: 0.0ms)


Started GET "/secrets" for ::1 at 2017-01-30 20:40:58 -0500
  
ActionController::RoutingError (No route matches [GET] "/secrets"):
  
actionpack (5.0.0) lib/action_dispatch/middleware/debug_exceptions.rb:53:in `call'
web-console (2.3.0) lib/web_console/middleware.rb:28:in `block in call'
web-console (2.3.0) lib/web_console/middleware.rb:18:in `catch'
web-console (2.3.0) lib/web_console/middleware.rb:18:in `call'
actionpack (5.0.0) lib/action_dispatch/middleware/show_exceptions.rb:31:in `call'
railties (5.0.0) lib/rails/rack/logger.rb:36:in `call_app'
railties (5.0.0) lib/rails/rack/logger.rb:24:in `block in call'
activesupport (5.0.0) lib/active_support/tagged_logging.rb:70:in `block in tagged'
activesupport (5.0.0) lib/active_support/tagged_logging.rb:26:in `tagged'
activesupport (5.0.0) lib/active_support/tagged_logging.rb:70:in `tagged'
railties (5.0.0) lib/rails/rack/logger.rb:24:in `call'
sprockets-rails (3.1.1) lib/sprockets/rails/quiet_assets.rb:13:in `call'
actionpack (5.0.0) lib/action_dispatch/middleware/request_id.rb:24:in `call'
rack (2.0.1) lib/rack/method_override.rb:22:in `call'
rack (2.0.1) lib/rack/runtime.rb:22:in `call'
activesupport (5.0.0) lib/active_support/cache/strategy/local_cache_middleware.rb:28:in `call'
actionpack (5.0.0) lib/action_dispatch/middleware/executor.rb:12:in `call'
actionpack (5.0.0) lib/action_dispatch/middleware/static.rb:136:in `call'
rack (2.0.1) lib/rack/sendfile.rb:111:in `call'
railties (5.0.0) lib/rails/engine.rb:522:in `call'
rack (2.0.1) lib/rack/handler/webrick.rb:86:in `service'
/Users/ntenser/.rbenv/versions/2.3.3/lib/ruby/2.3.0/webrick/httpserver.rb:140:in `service'
/Users/ntenser/.rbenv/versions/2.3.3/lib/ruby/2.3.0/webrick/httpserver.rb:96:in `run'
/Users/ntenser/.rbenv/versions/2.3.3/lib/ruby/2.3.0/webrick/server.rb:296:in `block in start_thread'
  Rendering /Users/ntenser/.rbenv/versions/2.3.3/lib/ruby/gems/2.3.0/gems/actionpack-5.0.0/lib/action_dispatch/middleware/templates/rescues/routing_error.html.erb within rescues/layout
  Rendering /Users/ntenser/.rbenv/versions/2.3.3/lib/ruby/gems/2.3.0/gems/actionpack-5.0.0/lib/action_dispatch/middleware/templates/rescues/_trace.html.erb
  Rendered /Users/ntenser/.rbenv/versions/2.3.3/lib/ruby/gems/2.3.0/gems/actionpack-5.0.0/lib/action_dispatch/middleware/templates/rescues/_trace.html.erb (1.4ms)
  Rendered collection of /Users/ntenser/.rbenv/versions/2.3.3/lib/ruby/gems/2.3.0/gems/actionpack-5.0.0/lib/action_dispatch/middleware/templates/routes/_route.html.erb [6 times] (16.0ms)
  Rendered /Users/ntenser/.rbenv/versions/2.3.3/lib/ruby/gems/2.3.0/gems/actionpack-5.0.0/lib/action_dispatch/middleware/templates/routes/_table.html.erb (23.2ms)
  Rendering /Users/ntenser/.rbenv/versions/2.3.3/lib/ruby/gems/2.3.0/gems/actionpack-5.0.0/lib/action_dispatch/middleware/templates/rescues/_request_and_response.html.erb
  Rendered /Users/ntenser/.rbenv/versions/2.3.3/lib/ruby/gems/2.3.0/gems/actionpack-5.0.0/lib/action_dispatch/middleware/templates/rescues/_request_and_response.html.erb (1.3ms)
  Rendered /Users/ntenser/.rbenv/versions/2.3.3/lib/ruby/gems/2.3.0/gems/actionpack-5.0.0/lib/action_dispatch/middleware/templates/rescues/routing_error.html.erb within rescues/layout (202.1ms)
DEPRECATION WARNING: Accessing mime types via constants is deprecated. Please change `Mime::HTML` to `Mime[:html]`. (called from const_missing at /Users/ntenser/.rbenv/versions/2.3.3/lib/ruby/gems/2.3.0/gems/actionpack-5.0.0/lib/action_dispatch/http/mime_type.rb:52)
  Rendering /Users/ntenser/.rbenv/versions/2.3.3/lib/ruby/gems/2.3.0/gems/web-console-2.3.0/lib/web_console/templates/index.html.erb
  Rendered /Users/ntenser/.rbenv/versions/2.3.3/lib/ruby/gems/2.3.0/gems/web-console-2.3.0/lib/web_console/templates/_markup.html.erb (0.5ms)
  Rendering /Users/ntenser/.rbenv/versions/2.3.3/lib/ruby/gems/2.3.0/gems/web-console-2.3.0/lib/web_console/templates/console.js.erb within layouts/javascript
  Rendering /Users/ntenser/.rbenv/versions/2.3.3/lib/ruby/gems/2.3.0/gems/web-console-2.3.0/lib/web_console/templates/_inner_console_markup.html.erb within layouts/inlined_string
  Rendered /Users/ntenser/.rbenv/versions/2.3.3/lib/ruby/gems/2.3.0/gems/web-console-2.3.0/lib/web_console/templates/_inner_console_markup.html.erb within layouts/inlined_string (0.5ms)
  Rendering /Users/ntenser/.rbenv/versions/2.3.3/lib/ruby/gems/2.3.0/gems/web-console-2.3.0/lib/web_console/templates/_prompt_box_markup.html.erb within layouts/inlined_string
  Rendered /Users/ntenser/.rbenv/versions/2.3.3/lib/ruby/gems/2.3.0/gems/web-console-2.3.0/lib/web_console/templates/_prompt_box_markup.html.erb within layouts/inlined_string (0.5ms)
  Rendering /Users/ntenser/.rbenv/versions/2.3.3/lib/ruby/gems/2.3.0/gems/web-console-2.3.0/lib/web_console/templates/style.css.erb within layouts/inlined_string
  Rendered /Users/ntenser/.rbenv/versions/2.3.3/lib/ruby/gems/2.3.0/gems/web-console-2.3.0/lib/web_console/templates/style.css.erb within layouts/inlined_string (0.6ms)
DEPRECATION WARNING: Accessing mime types via constants is deprecated. Please change `Mime::WEB_CONSOLE_V2` to `Mime[:web_console_v2]`. (called from const_missing at /Users/ntenser/.rbenv/versions/2.3.3/lib/ruby/gems/2.3.0/gems/actionpack-5.0.0/lib/action_dispatch/http/mime_type.rb:52)
  Rendered /Users/ntenser/.rbenv/versions/2.3.3/lib/ruby/gems/2.3.0/gems/web-console-2.3.0/lib/web_console/templates/console.js.erb within layouts/javascript (125.5ms)
  Rendering /Users/ntenser/.rbenv/versions/2.3.3/lib/ruby/gems/2.3.0/gems/web-console-2.3.0/lib/web_console/templates/main.js.erb within layouts/javascript
  Rendered /Users/ntenser/.rbenv/versions/2.3.3/lib/ruby/gems/2.3.0/gems/web-console-2.3.0/lib/web_console/templates/main.js.erb within layouts/javascript (0.4ms)
  Rendering /Users/ntenser/.rbenv/versions/2.3.3/lib/ruby/gems/2.3.0/gems/web-console-2.3.0/lib/web_console/templates/error_page.js.erb within layouts/javascript
  Rendered /Users/ntenser/.rbenv/versions/2.3.3/lib/ruby/gems/2.3.0/gems/web-console-2.3.0/lib/web_console/templates/error_page.js.erb within layouts/javascript (0.6ms)
  Rendered /Users/ntenser/.rbenv/versions/2.3.3/lib/ruby/gems/2.3.0/gems/web-console-2.3.0/lib/web_console/templates/index.html.erb (263.3ms)
Started GET "/secrets/100" for ::1 at 2017-01-30 20:40:59 -0500
Processing by PagesController#secrets as HTML
  Parameters: {"magic_word"=>"100"}
  Rendering pages/secrets.html.erb within layouts/application
  Rendered pages/secrets.html.erb within layouts/application (0.4ms)
Completed 200 OK in 20ms (Views: 17.9ms | ActiveRecord: 0.0ms)


Started GET "/secrets/abracadabra" for ::1 at 2017-01-30 20:51:36 -0500
Processing by PagesController#secrets as HTML
  Parameters: {"magic_word"=>"abracadabra"}
  Rendering pages/secrets.html.erb within layouts/application
  Rendered pages/secrets.html.erb within layouts/application (0.4ms)
Completed 200 OK in 25ms (Views: 24.7ms | ActiveRecord: 0.0ms)


Started GET "/secrets/abracada" for ::1 at 2017-01-30 20:51:43 -0500
Processing by PagesController#secrets as HTML
  Parameters: {"magic_word"=>"abracada"}
Redirected to http://localhost:3000welcome
Completed 302 Found in 1ms (ActiveRecord: 0.0ms)


Started GET "/secrets/abracada" for ::1 at 2017-01-30 20:51:43 -0500
Processing by PagesController#secrets as HTML
  Parameters: {"magic_word"=>"abracada"}
Redirected to http://localhost:3000welcome
Completed 302 Found in 1ms (ActiveRecord: 0.0ms)


Started GET "/secrets/abracada" for ::1 at 2017-01-30 20:51:43 -0500
Processing by PagesController#secrets as HTML
  Parameters: {"magic_word"=>"abracada"}
Redirected to http://localhost:3000welcome
Completed 302 Found in 48ms (ActiveRecord: 0.0ms)


Started GET "/secrets/abracada" for ::1 at 2017-01-30 20:51:43 -0500
Processing by PagesController#secrets as HTML
  Parameters: {"magic_word"=>"abracada"}
Redirected to http://localhost:3000welcome
Completed 302 Found in 1ms (ActiveRecord: 0.0ms)


Started GET "/secrets/abracada" for ::1 at 2017-01-30 20:51:43 -0500
Processing by PagesController#secrets as HTML
  Parameters: {"magic_word"=>"abracada"}
Redirected to http://localhost:3000welcome
Completed 302 Found in 1ms (ActiveRecord: 0.0ms)


Started GET "/secrets/abracada" for ::1 at 2017-01-30 20:51:43 -0500
Processing by PagesController#secrets as HTML
  Parameters: {"magic_word"=>"abracada"}
Redirected to http://localhost:3000welcome
Completed 302 Found in 1ms (ActiveRecord: 0.0ms)


Started GET "/secrets/abracada" for ::1 at 2017-01-30 20:51:48 -0500
Processing by PagesController#secrets as HTML
  Parameters: {"magic_word"=>"abracada"}
Redirected to http://localhost:3000welcome
Completed 302 Found in 1ms (ActiveRecord: 0.0ms)


Started GET "/secrets/alex" for ::1 at 2017-01-30 20:52:09 -0500
Processing by PagesController#secrets as HTML
  Parameters: {"magic_word"=>"alex"}
Redirected to http://localhost:3000welcome
Completed 302 Found in 1ms (ActiveRecord: 0.0ms)


Started GET "/secrets/alex" for ::1 at 2017-01-30 20:52:09 -0500
Processing by PagesController#secrets as HTML
  Parameters: {"magic_word"=>"alex"}
Redirected to http://localhost:3000welcome
Completed 302 Found in 1ms (ActiveRecord: 0.0ms)


Started GET "/secrets/alex" for ::1 at 2017-01-30 20:52:09 -0500
Processing by PagesController#secrets as HTML
  Parameters: {"magic_word"=>"alex"}
Redirected to http://localhost:3000welcome
Completed 302 Found in 1ms (ActiveRecord: 0.0ms)


Started GET "/secrets/alex" for ::1 at 2017-01-30 20:52:09 -0500
Processing by PagesController#secrets as HTML
  Parameters: {"magic_word"=>"alex"}
Redirected to http://localhost:3000welcome
Completed 302 Found in 1ms (ActiveRecord: 0.0ms)


Started GET "/secrets/alex" for ::1 at 2017-01-30 20:52:31 -0500
Processing by PagesController#secrets as HTML
  Parameters: {"magic_word"=>"alex"}
Redirected to http://localhost:3000/welcome
Completed 302 Found in 1ms (ActiveRecord: 0.0ms)


Started GET "/secrets/100" for ::1 at 2017-01-30 20:52:36 -0500
Processing by PagesController#secrets as HTML
  Parameters: {"magic_word"=>"100"}
Redirected to http://localhost:3000/welcome
Completed 302 Found in 1ms (ActiveRecord: 0.0ms)


Started GET "/welcome" for ::1 at 2017-01-30 20:52:36 -0500
Processing by PagesController#welcome as HTML
  Rendering pages/welcome.html.erb within layouts/application
  Rendered pages/welcome.html.erb within layouts/application (0.4ms)
Completed 200 OK in 18ms (Views: 16.3ms | ActiveRecord: 0.0ms)


Started GET "/secrets/peter" for ::1 at 2017-01-30 20:52:47 -0500
Processing by PagesController#secrets as HTML
  Parameters: {"magic_word"=>"peter"}
Redirected to http://localhost:3000/welcome
Completed 302 Found in 1ms (ActiveRecord: 0.0ms)


Started GET "/welcome" for ::1 at 2017-01-30 20:52:47 -0500
Processing by PagesController#welcome as HTML
  Rendering pages/welcome.html.erb within layouts/application
  Rendered pages/welcome.html.erb within layouts/application (0.3ms)
Completed 200 OK in 25ms (Views: 22.8ms | ActiveRecord: 0.0ms)


Started GET "/welcome" for ::1 at 2017-01-30 21:13:45 -0500
Processing by PagesController#welcome as HTML
Started GET "/welcome" for ::1 at 2017-01-30 21:13:46 -0500
  Rendering pages/welcome.html.erb within layouts/application
  Rendered pages/welcome.html.erb within layouts/application (2.8ms)
Completed 200 OK in 359ms (Views: 350.9ms | ActiveRecord: 0.0ms)


Processing by PagesController#welcome as HTML
  Rendering pages/welcome.html.erb within layouts/application
  Rendered pages/welcome.html.erb within layouts/application (0.4ms)
Completed 200 OK in 18ms (Views: 16.1ms | ActiveRecord: 0.0ms)


Started GET "/kitten/400" for ::1 at 2017-01-30 21:13:57 -0500
Processing by PagesController#kitten as HTML
  Parameters: {"size"=>"400"}
  Rendering pages/kitten.html.erb within layouts/application
  Rendered pages/kitten.html.erb within layouts/application (0.7ms)
Completed 200 OK in 21ms (Views: 18.8ms | ActiveRecord: 0.0ms)


Started GET "/kittens/400" for ::1 at 2017-01-30 21:14:02 -0500
Processing by PagesController#kittens as HTML
  Parameters: {"size"=>"400"}
  Rendering pages/kittens.html.erb within layouts/application
  Rendered pages/kittens.html.erb within layouts/application (1.2ms)
Completed 200 OK in 32ms (Views: 28.7ms | ActiveRecord: 0.0ms)


